[  104275ms] ReferenceError: FillToggle is not defined
    at TwoCircleChart (http://localhost:5179/src/components/TwoCircleChart.jsx?t=1773169019922:133:30)
    at renderWithHooks (http://localhost:5179/node_modules/.vite/deps/chunk-TYILIMWK.js?v=bceed2a4:11548:26)
    at mountIndeterminateComponent (http://localhost:5179/node_modules/.vite/deps/chunk-TYILIMWK.js?v=bceed2a4:14926:21)
    at beginWork (http://localhost:5179/node_modules/.vite/deps/chunk-TYILIMWK.js?v=bceed2a4:15914:22)
    at HTMLUnknownElement.callCallback2 (http://localhost:5179/node_modules/.vite/deps/chunk-TYILIMWK.js?v=bceed2a4:3674:22)
    at Object.invokeGuardedCallbackDev (http://localhost:5179/node_modules/.vite/deps/chunk-TYILIMWK.js?v=bceed2a4:3699:24)
    at invokeGuardedCallback (http://localhost:5179/node_modules/.vite/deps/chunk-TYILIMWK.js?v=bceed2a4:3733:39)
    at beginWork$1 (http://localhost:5179/node_modules/.vite/deps/chunk-TYILIMWK.js?v=bceed2a4:19765:15)
    at performUnitOfWork (http://localhost:5179/node_modules/.vite/deps/chunk-TYILIMWK.js?v=bceed2a4:19198:20)
    at workLoopSync (http://localhost:5179/node_modules/.vite/deps/chunk-TYILIMWK.js?v=bceed2a4:19137:13)
[  104278ms] ReferenceError: FillToggle is not defined
    at TwoCircleChart (http://localhost:5179/src/components/TwoCircleChart.jsx?t=1773169019922:133:30)
    at renderWithHooks (http://localhost:5179/node_modules/.vite/deps/chunk-TYILIMWK.js?v=bceed2a4:11548:26)
    at mountIndeterminateComponent (http://localhost:5179/node_modules/.vite/deps/chunk-TYILIMWK.js?v=bceed2a4:14926:21)
    at beginWork (http://localhost:5179/node_modules/.vite/deps/chunk-TYILIMWK.js?v=bceed2a4:15914:22)
    at HTMLUnknownElement.callCallback2 (http://localhost:5179/node_modules/.vite/deps/chunk-TYILIMWK.js?v=bceed2a4:3674:22)
    at Object.invokeGuardedCallbackDev (http://localhost:5179/node_modules/.vite/deps/chunk-TYILIMWK.js?v=bceed2a4:3699:24)
    at invokeGuardedCallback (http://localhost:5179/node_modules/.vite/deps/chunk-TYILIMWK.js?v=bceed2a4:3733:39)
    at beginWork$1 (http://localhost:5179/node_modules/.vite/deps/chunk-TYILIMWK.js?v=bceed2a4:19765:15)
    at performUnitOfWork (http://localhost:5179/node_modules/.vite/deps/chunk-TYILIMWK.js?v=bceed2a4:19198:20)
    at workLoopSync (http://localhost:5179/node_modules/.vite/deps/chunk-TYILIMWK.js?v=bceed2a4:19137:13)
[  104280ms] [ERROR] The above error occurred in the <TwoCircleChart> component:

    at TwoCircleChart (http://localhost:5179/src/components/TwoCircleChart.jsx?t=1773169019922:21:42)
    at div
    at TwoCirclePage (http://localhost:5179/src/pages/TwoCirclePage.jsx?t=1773168899657:48:3)
    at RenderedRoute (http://localhost:5179/node_modules/.vite/deps/react-router-dom.js?v=bceed2a4:6355:26)
    at Routes (http://localhost:5179/node_modules/.vite/deps/react-router-dom.js?v=bceed2a4:7222:3)
    at App
    at Router (http://localhost:5179/node_modules/.vite/deps/react-router-dom.js?v=bceed2a4:7152:13)
    at BrowserRouter (http://localhost:5179/node_modules/.vite/deps/react-router-dom.js?v=bceed2a4:10363:3)
    at SigmaClientProvider (http://localhost:5179/node_modules/.vite/deps/@sigmacomputing_plugin.js?v=bceed2a4:555:100)

Consider adding an error boundary to your tree to customize error handling behavior.
Visit https://reactjs.org/link/error-boundaries to learn more about error boundaries. @ http://localhost:5179/node_modules/.vite/deps/chunk-TYILIMWK.js?v=bceed2a4:14031
[  104282ms] ReferenceError: FillToggle is not defined
    at TwoCircleChart (http://localhost:5179/src/components/TwoCircleChart.jsx?t=1773169019922:133:30)
    at renderWithHooks (http://localhost:5179/node_modules/.vite/deps/chunk-TYILIMWK.js?v=bceed2a4:11548:26)
    at mountIndeterminateComponent (http://localhost:5179/node_modules/.vite/deps/chunk-TYILIMWK.js?v=bceed2a4:14926:21)
    at beginWork (http://localhost:5179/node_modules/.vite/deps/chunk-TYILIMWK.js?v=bceed2a4:15914:22)
    at beginWork$1 (http://localhost:5179/node_modules/.vite/deps/chunk-TYILIMWK.js?v=bceed2a4:19753:22)
    at performUnitOfWork (http://localhost:5179/node_modules/.vite/deps/chunk-TYILIMWK.js?v=bceed2a4:19198:20)
    at workLoopSync (http://localhost:5179/node_modules/.vite/deps/chunk-TYILIMWK.js?v=bceed2a4:19137:13)
    at renderRootSync (http://localhost:5179/node_modules/.vite/deps/chunk-TYILIMWK.js?v=bceed2a4:19116:15)
    at recoverFromConcurrentError (http://localhost:5179/node_modules/.vite/deps/chunk-TYILIMWK.js?v=bceed2a4:18736:28)
    at performSyncWorkOnRoot (http://localhost:5179/node_modules/.vite/deps/chunk-TYILIMWK.js?v=bceed2a4:18879:28)
